<html>
<head>
<title>TestNG:  Test</title>
<link href="../testng.css" rel="stylesheet" type="text/css" />
<link href="../my-testng.css" rel="stylesheet" type="text/css" />

<style type="text/css">
.log { display: none;} 
.stack-trace { display: none;} 
</style>
<script type="text/javascript">
<!--
function flip(e) {
  current = e.style.display;
  if (current == 'block') {
    e.style.display = 'none';
    return 0;
  }
  else {
    e.style.display = 'block';
    return 1;
  }
}

function toggleBox(szDivId, elem, msg1, msg2)
{
  var res = -1;  if (document.getElementById) {
    res = flip(document.getElementById(szDivId));
  }
  else if (document.all) {
    // this is the way old msie versions work
    res = flip(document.all[szDivId]);
  }
  if(elem) {
    if(res == 0) elem.innerHTML = msg1; else elem.innerHTML = msg2;
  }

}

function toggleAllBoxes() {
  if (document.getElementsByTagName) {
    d = document.getElementsByTagName('div');
    for (i = 0; i < d.length; i++) {
      if (d[i].className == 'log') {
        flip(d[i]);
      }
    }
  }
}

// -->
</script>

</head>
<body>
<h2 align='center'>Test</h2><table border='1' align="center">
<tr>
<td>Tests passed/Failed/Skipped:</td><td>7/1/0</td>
</tr><tr>
<td>Started on:</td><td>Mon Feb 01 10:58:13 IST 2021</td>
</tr>
<tr><td>Total time:</td><td>87 seconds (87736 ms)</td>
</tr><tr>
<td>Included groups:</td><td></td>
</tr><tr>
<td>Excluded groups:</td><td></td>
</tr>
</table><p/>
<small><i>(Hover the method name to see the test class name)</i></small><p/>
<table width='100%' border='1' class='invocation-failed'>
<tr><td colspan='4' align='center'><b>FAILED TESTS</b></td></tr>
<tr><td><b>Test method</b></td>
<td width="30%"><b>Exception</b></td>
<td width="10%"><b>Time (seconds)</b></td>
<td><b>Instance</b></td>
</tr>
<tr>
<td title='TestFunctions.SettingsAssignQstnTest.deleteQuestions()'><b>deleteQuestions</b><br>Test class: TestFunctions.SettingsAssignQstnTest</td>
<td><div><pre>org.openqa.selenium.TimeoutException: Expected condition failed: waiting for element to be clickable: [[ChromeDriver: chrome on WINDOWS (7495f8ffe53f92af62f7cd4306aa7674)] -&gt; xpath: //*[contains(text(),&apos;Questions&apos;)]] (tried for 30 second(s) with 500 milliseconds interval)
Build info: version: &apos;3.141.59&apos;, revision: &apos;e82be7d358&apos;, time: &apos;2018-11-14T08:17:03&apos;
System info: host: &apos;LAPTOP-29CDN1KE&apos;, ip: &apos;192.168.0.46&apos;, os.name: &apos;Windows 10&apos;, os.arch: &apos;amd64&apos;, os.version: &apos;10.0&apos;, java.version: &apos;1.8.0_181&apos;
Driver info: org.openqa.selenium.chrome.ChromeDriver
Capabilities {acceptInsecureCerts: false, browserName: chrome, browserVersion: 88.0.4324.104, chrome: {chromedriverVersion: 87.0.4280.88 (89e2380a3e36c..., userDataDir: C:\Users\aparn\AppData\Loca...}, goog:chromeOptions: {debuggerAddress: localhost:49331}, javascriptEnabled: true, networkConnectionEnabled: false, pageLoadStrategy: normal, platform: WINDOWS, platformName: WINDOWS, proxy: Proxy(), setWindowRect: true, strictFileInteractability: false, timeouts: {implicit: 0, pageLoad: 300000, script: 30000}, unhandledPromptBehavior: dismiss and notify, webauthn:virtualAuthenticators: true}
Session ID: 7495f8ffe53f92af62f7cd4306aa7674
	at org.openqa.selenium.support.ui.WebDriverWait.timeoutException(WebDriverWait.java:95)
	at org.openqa.selenium.support.ui.FluentWait.until(FluentWait.java:272)
	at TestFunctions.SettingsAssignQstnTest.deleteQuestions(SettingsAssignQstnTest.java:201)
... Removed 25 stack frames</pre></div><a href='#' onClick='toggleBox("stack-trace165137662", this, "Click to show all stack frames", "Click to hide stack frames")'>Click to show all stack frames</a>
<div class='stack-trace' id='stack-trace165137662'><pre>org.openqa.selenium.TimeoutException: Expected condition failed: waiting for element to be clickable: [[ChromeDriver: chrome on WINDOWS (7495f8ffe53f92af62f7cd4306aa7674)] -&gt; xpath: //*[contains(text(),&apos;Questions&apos;)]] (tried for 30 second(s) with 500 milliseconds interval)
Build info: version: &apos;3.141.59&apos;, revision: &apos;e82be7d358&apos;, time: &apos;2018-11-14T08:17:03&apos;
System info: host: &apos;LAPTOP-29CDN1KE&apos;, ip: &apos;192.168.0.46&apos;, os.name: &apos;Windows 10&apos;, os.arch: &apos;amd64&apos;, os.version: &apos;10.0&apos;, java.version: &apos;1.8.0_181&apos;
Driver info: org.openqa.selenium.chrome.ChromeDriver
Capabilities {acceptInsecureCerts: false, browserName: chrome, browserVersion: 88.0.4324.104, chrome: {chromedriverVersion: 87.0.4280.88 (89e2380a3e36c..., userDataDir: C:\Users\aparn\AppData\Loca...}, goog:chromeOptions: {debuggerAddress: localhost:49331}, javascriptEnabled: true, networkConnectionEnabled: false, pageLoadStrategy: normal, platform: WINDOWS, platformName: WINDOWS, proxy: Proxy(), setWindowRect: true, strictFileInteractability: false, timeouts: {implicit: 0, pageLoad: 300000, script: 30000}, unhandledPromptBehavior: dismiss and notify, webauthn:virtualAuthenticators: true}
Session ID: 7495f8ffe53f92af62f7cd4306aa7674
	at org.openqa.selenium.support.ui.WebDriverWait.timeoutException(WebDriverWait.java:95)
	at org.openqa.selenium.support.ui.FluentWait.until(FluentWait.java:272)
	at TestFunctions.SettingsAssignQstnTest.deleteQuestions(SettingsAssignQstnTest.java:201)
	at sun.reflect.NativeMethodAccessorImpl.invoke0(Native Method)
	at sun.reflect.NativeMethodAccessorImpl.invoke(NativeMethodAccessorImpl.java:62)
	at sun.reflect.DelegatingMethodAccessorImpl.invoke(DelegatingMethodAccessorImpl.java:43)
	at java.lang.reflect.Method.invoke(Method.java:498)
	at org.testng.internal.MethodInvocationHelper.invokeMethod(MethodInvocationHelper.java:124)
	at org.testng.internal.Invoker.invokeMethod(Invoker.java:583)
	at org.testng.internal.Invoker.invokeTestMethod(Invoker.java:719)
	at org.testng.internal.Invoker.invokeTestMethods(Invoker.java:989)
	at org.testng.internal.TestMethodWorker.invokeTestMethods(TestMethodWorker.java:125)
	at org.testng.internal.TestMethodWorker.run(TestMethodWorker.java:109)
	at org.testng.TestRunner.privateRun(TestRunner.java:648)
	at org.testng.TestRunner.run(TestRunner.java:505)
	at org.testng.SuiteRunner.runTest(SuiteRunner.java:455)
	at org.testng.SuiteRunner.runSequentially(SuiteRunner.java:450)
	at org.testng.SuiteRunner.privateRun(SuiteRunner.java:415)
	at org.testng.SuiteRunner.run(SuiteRunner.java:364)
	at org.testng.SuiteRunnerWorker.runSuite(SuiteRunnerWorker.java:52)
	at org.testng.SuiteRunnerWorker.run(SuiteRunnerWorker.java:84)
	at org.testng.TestNG.runSuitesSequentially(TestNG.java:1208)
	at org.testng.TestNG.runSuitesLocally(TestNG.java:1137)
	at org.testng.TestNG.runSuites(TestNG.java:1049)
	at org.testng.TestNG.run(TestNG.java:1017)
	at org.testng.remote.AbstractRemoteTestNG.run(AbstractRemoteTestNG.java:115)
	at org.testng.remote.RemoteTestNG.initAndRun(RemoteTestNG.java:251)
	at org.testng.remote.RemoteTestNG.main(RemoteTestNG.java:77)
</pre></div></td>
<td>30</td>
<td>TestFunctions.SettingsAssignQstnTest@2e3fc542</td></tr>
</table><p>
<table width='100%' border='1' class='invocation-passed'>
<tr><td colspan='4' align='center'><b>PASSED TESTS</b></td></tr>
<tr><td><b>Test method</b></td>
<td width="30%"><b>Exception</b></td>
<td width="10%"><b>Time (seconds)</b></td>
<td><b>Instance</b></td>
</tr>
<tr>
<td title='TestFunctions.SettingsAssignQstnTest.addAssignQuestion()'><b>addAssignQuestion</b><br>Test class: TestFunctions.SettingsAssignQstnTest</td>
<td></td>
<td>17</td>
<td>TestFunctions.SettingsAssignQstnTest@2e3fc542</td></tr>
<tr>
<td title='TestFunctions.SettingsAssignQstnTest.addQuestions()'><b>addQuestions</b><br>Test class: TestFunctions.SettingsAssignQstnTest</td>
<td></td>
<td>27</td>
<td>TestFunctions.SettingsAssignQstnTest@2e3fc542</td></tr>
<tr>
<td title='TestFunctions.SettingsAssignQstnTest.deleteAssignQuestion()'><b>deleteAssignQuestion</b><br>Test class: TestFunctions.SettingsAssignQstnTest</td>
<td></td>
<td>0</td>
<td>TestFunctions.SettingsAssignQstnTest@2e3fc542</td></tr>
<tr>
<td title='TestFunctions.SettingsAssignQstnTest.disableAssignQuestion()'><b>disableAssignQuestion</b><br>Test class: TestFunctions.SettingsAssignQstnTest</td>
<td></td>
<td>5</td>
<td>TestFunctions.SettingsAssignQstnTest@2e3fc542</td></tr>
<tr>
<td title='TestFunctions.SettingsAssignQstnTest.editAssignQuestion()'><b>editAssignQuestion</b><br>Test class: TestFunctions.SettingsAssignQstnTest</td>
<td></td>
<td>0</td>
<td>TestFunctions.SettingsAssignQstnTest@2e3fc542</td></tr>
<tr>
<td title='TestFunctions.SettingsAssignQstnTest.selectAssignQuestion()'><b>selectAssignQuestion</b><br>Test class: TestFunctions.SettingsAssignQstnTest</td>
<td></td>
<td>3</td>
<td>TestFunctions.SettingsAssignQstnTest@2e3fc542</td></tr>
<tr>
<td title='TestFunctions.LoginTest.validlogin()'><b>validlogin</b><br>Test class: TestFunctions.LoginTest</td>
<td></td>
<td>3</td>
<td>TestFunctions.LoginTest@544a2ea6</td></tr>
</table><p>
</body>
</html>