<?xml version="1.0" encoding="UTF-8"?>
<!-- Generated by org.testng.reporters.JUnitXMLReporter -->
<testsuite hostname="LAPTOP-29CDN1KE" ignored="6" name="Test" tests="8" failures="1" timestamp="01 Feb 2021 05:29:41 GMT" time="87.736" errors="0">
  <testcase name="validlogin" time="3.425" classname="TestFunctions.LoginTest"/>
  <testcase name="addQuestions" time="27.582" classname="TestFunctions.SettingsAssignQstnTest"/>
  <testcase name="selectAssignQuestion" time="3.186" classname="TestFunctions.SettingsAssignQstnTest"/>
  <testcase name="addAssignQuestion" time="17.565" classname="TestFunctions.SettingsAssignQstnTest"/>
  <testcase name="disableAssignQuestion" time="5.45" classname="TestFunctions.SettingsAssignQstnTest"/>
  <testcase name="editAssignQuestion" time="0.001" classname="TestFunctions.SettingsAssignQstnTest"/>
  <testcase name="deleteAssignQuestion" time="0.001" classname="TestFunctions.SettingsAssignQstnTest"/>
  <testcase name="deleteQuestions" time="30.48" classname="TestFunctions.SettingsAssignQstnTest">
    <failure type="org.openqa.selenium.TimeoutException" message="Expected condition failed: waiting for element to be clickable: [[ChromeDriver: chrome on WINDOWS (7495f8ffe53f92af62f7cd4306aa7674)] -&amp;gt; xpath: //*[contains(text(),&amp;apos;Questions&amp;apos;)]] (tried for 30 second(s) with 500 milliseconds interval)
Build info: version: &amp;apos;3.141.59&amp;apos;, revision: &amp;apos;e82be7d358&amp;apos;, time: &amp;apos;2018-11-14T08:17:03&amp;apos;
System info: host: &amp;apos;LAPTOP-29CDN1KE&amp;apos;, ip: &amp;apos;192.168.0.46&amp;apos;, os.name: &amp;apos;Windows 10&amp;apos;, os.arch: &amp;apos;amd64&amp;apos;, os.version: &amp;apos;10.0&amp;apos;, java.version: &amp;apos;1.8.0_181&amp;apos;
Driver info: org.openqa.selenium.chrome.ChromeDriver
Capabilities {acceptInsecureCerts: false, browserName: chrome, browserVersion: 88.0.4324.104, chrome: {chromedriverVersion: 87.0.4280.88 (89e2380a3e36c..., userDataDir: C:\Users\aparn\AppData\Loca...}, goog:chromeOptions: {debuggerAddress: localhost:49331}, javascriptEnabled: true, networkConnectionEnabled: false, pageLoadStrategy: normal, platform: WINDOWS, platformName: WINDOWS, proxy: Proxy(), setWindowRect: true, strictFileInteractability: false, timeouts: {implicit: 0, pageLoad: 300000, script: 30000}, unhandledPromptBehavior: dismiss and notify, webauthn:virtualAuthenticators: true}
Session ID: 7495f8ffe53f92af62f7cd4306aa7674">
      <![CDATA[org.openqa.selenium.TimeoutException: Expected condition failed: waiting for element to be clickable: [[ChromeDriver: chrome on WINDOWS (7495f8ffe53f92af62f7cd4306aa7674)] -> xpath: //*[contains(text(),'Questions')]] (tried for 30 second(s) with 500 milliseconds interval)
Build info: version: '3.141.59', revision: 'e82be7d358', time: '2018-11-14T08:17:03'
System info: host: 'LAPTOP-29CDN1KE', ip: '192.168.0.46', os.name: 'Windows 10', os.arch: 'amd64', os.version: '10.0', java.version: '1.8.0_181'
Driver info: org.openqa.selenium.chrome.ChromeDriver
Capabilities {acceptInsecureCerts: false, browserName: chrome, browserVersion: 88.0.4324.104, chrome: {chromedriverVersion: 87.0.4280.88 (89e2380a3e36c..., userDataDir: C:\Users\aparn\AppData\Loca...}, goog:chromeOptions: {debuggerAddress: localhost:49331}, javascriptEnabled: true, networkConnectionEnabled: false, pageLoadStrategy: normal, platform: WINDOWS, platformName: WINDOWS, proxy: Proxy(), setWindowRect: true, strictFileInteractability: false, timeouts: {implicit: 0, pageLoad: 300000, script: 30000}, unhandledPromptBehavior: dismiss and notify, webauthn:virtualAuthenticators: true}
Session ID: 7495f8ffe53f92af62f7cd4306aa7674
at org.openqa.selenium.support.ui.WebDriverWait.timeoutException(WebDriverWait.java:95)
at org.openqa.selenium.support.ui.FluentWait.until(FluentWait.java:272)
at TestFunctions.SettingsAssignQstnTest.deleteQuestions(SettingsAssignQstnTest.java:201)
... Removed 25 stack frames]]>
    </failure>
  </testcase> <!-- deleteQuestions -->
  <testcase name="Verifylogin" time="0.0" classname="TestFunctions.LoginTest">
    <ignored/>
  </testcase> <!-- Verifylogin -->
  <testcase name="inValidlogin" time="0.0" classname="TestFunctions.LoginTest">
    <ignored/>
  </testcase> <!-- inValidlogin -->
  <testcase name="@AfterSuite afterSuite" time="0.0" classname="Base.BaseClass">
    <ignored/>
  </testcase> <!-- @AfterSuite afterSuite -->
  <testcase name="@AfterSuite afterSuite" time="0.0" classname="Base.BaseClass">
    <ignored/>
  </testcase> <!-- @AfterSuite afterSuite -->
  <testcase name="@BeforeSuite beforeSuite" time="0.0" classname="Base.BaseClass">
    <ignored/>
  </testcase> <!-- @BeforeSuite beforeSuite -->
  <testcase name="@BeforeSuite beforeSuite" time="0.0" classname="Base.BaseClass">
    <ignored/>
  </testcase> <!-- @BeforeSuite beforeSuite -->
</testsuite> <!-- Test -->
