
<!DOCTYPE html>
<html>


<head>
	<meta charset='utf-8' /> 
	<meta name='description' content='' />
	<meta name='robots' content='noodp, noydir' />
	<meta name='viewport' content='width=device-width, initial-scale=1' />
	<meta id="timeStampFormat" name="timeStampFormat" content='MMM d, yyyy hh:mm:ss a'/>
	
	<link href='https://fonts.googleapis.com/css?family=Source+Sans+Pro:400,600' rel='stylesheet' type='text/css' />
	<link href="https://fonts.googleapis.com/icon?family=Material+Icons" rel="stylesheet" />

		<link href='https://cdn.rawgit.com/anshooarora/extentreports-java/b4a58fcfd1e137bd9287244035a7c80d3d73b3af/dist/css/extent.css' type='text/css' rel='stylesheet' />
	
	<title>C:\w_s\6S\reports\Extent_Fri_Jan_29_12_54_17_IST_2021.html</title>

	<style type='text/css'>
	</style>
</head>

	<body class='extent standard default hide-overflow '>
		<div id='theme-selector' alt='Click to toggle theme. To enable by default, use theme configuration.' title='Click to toggle theme. To enable by default, use theme configuration.'>
			<span><i class='material-icons'>desktop_windows</i></span>
		</div>

<nav>
	<div class="nav-wrapper">
		<a href="#!" class="brand-logo blue darken-3">Extent</a>

		<!-- slideout menu -->
		<ul id='slide-out' class='side-nav fixed hide-on-med-and-down'>
			<li class='waves-effect active'><a href='#!' view='test-view' onclick="configureView(0);chartsView('test');"><i class='material-icons'>dashboard</i></a></li>
						<li class='waves-effect'><a href='#!' onclick="configureView(-1);chartsView('dashboard');" view='dashboard-view'><i class='material-icons'>track_changes</i></i></a></li>
		</ul>

		<!-- report name -->
		<span class='report-name'>C:\w_s\6S\reports\Extent_Fri_Jan_29_12_54_17_IST_2021.html</span>
		
		<!-- report headline -->
		<span class='report-headline'></span>

		<!-- nav-right -->
		<ul id='nav-mobile' class='right hide-on-med-and-down nav-right'>
			<li>
                <a href='#!'>
                    <span class='label suite-start-time blue darken-3'>Jan 29, 2021 12:54:17 PM</span>
				</a>
			</li>
			<li>
                <a href='#!'>
                    <span class='label blue darken-3'>3.1.5</span>
				</a>
			</li>
		</ul>
	</div>
</nav>

		<!-- container -->
		<div class='container'>

<div id='test-view' class='view'>
				
	<section id='controls'>
		<div class='controls grey lighten-4'>
			<!-- test toggle -->
			<div class='chip transparent'>
				<a class='dropdown-button tests-toggle' data-activates='tests-toggle' data-constrainwidth='true' data-beloworigin='true' data-hover='true' href='#'>
					<i class='material-icons'>warning</i> Status
				</a>
				<ul id='tests-toggle' class='dropdown-content'>
											<li status='pass'><a href='#!'>Pass <i class='material-icons green-text'>check_circle</i></a></li>
						<li status='fail'><a href='#!'>Fail <i class='material-icons red-text'>cancel</i></a></li>
					<li class='divider'></li>
					<li status='clear' clear='true'><a href='#!'>Clear Filters <i class='material-icons'>clear</i></a></li>
				</ul>
			</div>
			<!-- test toggle -->

			<!-- category toggle -->
			<!-- category toggle -->

			<!-- clear filters -->
			<div class='chip transparent hide'>
				<a class='' id='clear-filters' alt='Clear Filters' title='Clear Filters'>
					<i class='material-icons'>close</i> Clear
				</a>
			</div>
			<!-- clear filters -->

			<!-- enable dashboard -->
			<div id='toggle-test-view-charts' class='chip transparent'>
				<a class='pink-text' id='enable-dashboard' alt='Enable Dashboard' title='Enable Dashboard'>
					<i class='material-icons'>track_changes</i> Dashboard
				</a>
			</div>
			<!-- enable dashboard -->

			<!-- search -->
			<div class='chip transparent' alt='Search Tests' title='Search Tests'>
				<a href="#" class='search-div'>
					<i class='material-icons'>search</i> Search
				</a>

				<div class='input-field left hide'>
					<input id='search-tests' type='text' class='validate browser-default' placeholder='Search Tests...'>
				</div>
				
			</div>
			<!-- search -->
		</div>
	</section>


<div id='test-view-charts' class='subview-full'>
	<div id='charts-row' class='row nm-v nm-h'>
		<div class='col s12 m6 l6 np-h'>
			<div class='card-panel nm-v'>
				<div class='left panel-name'>Tests</div>
				<div class='chart-box'>
					<canvas id='parent-analysis' width='100' height='80'></canvas>
				</div>
				<div class='block text-small'>
					<span class='tooltipped' data-position='top' data-tooltip='83.871%'><span class='strong'>26</span> test(s) passed</span>
				</div>
				<div class='block text-small'>
					<span class='strong tooltipped' data-position='top' data-tooltip='16.129%'>5</span> test(s) failed, <span class='strong tooltipped' data-position='top' data-tooltip='0%'>0</span> others
				</div>
			</div>
		</div>
		
		<div class='col s12 m6 l6 np-h'>
			<div class='card-panel nm-v'>
				<div class='left panel-name'>Steps</div>
				<div class='chart-box'>
					<canvas id='child-analysis' width='100' height='80'></canvas>
				</div>
				<div class='block text-small'>
					<span class='tooltipped' data-position='top' data-tooltip='72.222%'><span class='strong'>26</span> step(s) passed</span>
				</div>
				<div class='block text-small'>
					<span class='strong tooltipped' data-position='top' data-tooltip='27.778%'>10</span> step(s) failed, <span class='strong tooltipped' data-position='top' data-tooltip='0%'>0</span> others
				</div>
			</div>
		</div>
		
	</div>
</div>

	<div class='subview-left left'>
		
		<div class='view-summary'>
			<h5>Tests</h5>
			<ul id='test-collection' class='test-collection'>
				
				
				<li class='test displayed active  pass' status='pass' bdd='false' test-id='1'>
					<div class='test-heading'>
						<span class='test-name'>TestFunctions.LoginTest     @TestCase : validlogin</span>
						<span class='test-time'>Jan 29, 2021 12:54:25 PM</span>
						<span class='test-status right pass'>pass</span>
					</div>
					<div class='test-content hide'>
<div class='test-time-info'>
	<span class='label start-time'>Jan 29, 2021 12:54:25 PM</span>
	<span class='label end-time'>Jan 29, 2021 12:54:29 PM</span>
	<span class='label time-taken grey lighten-1 white-text'>0h 0m 3s+425ms</span>
</div>
	<div class='test-steps'>
		<table class='bordered table-results'>
			<thead>
				<tr>
					<th>Status</th>
					<th>Timestamp</th>
					<th>Details</th>
				</tr>
			</thead>
			<tbody>
				<tr class='log' status='pass'>
					<td class='status pass' title='pass' alt='pass'><i class='material-icons'>check_circle</i></td>
					<td class='timestamp'>12:54:29 PM</td>
					<td class='step-details'><span class='label white-text green'><b>TEST CASE:- VALIDLOGIN PASSED</b></span></td>
				</tr>
			</tbody>
		</table>
	</div>
					</div>
				</li>
				
				
				<li class='test displayed active  pass' status='pass' bdd='false' test-id='2'>
					<div class='test-heading'>
						<span class='test-name'>TestFunctions.SettingsLocationTest     @TestCase : selectLocationMenu</span>
						<span class='test-time'>Jan 29, 2021 12:54:29 PM</span>
						<span class='test-status right pass'>pass</span>
					</div>
					<div class='test-content hide'>
<div class='test-time-info'>
	<span class='label start-time'>Jan 29, 2021 12:54:29 PM</span>
	<span class='label end-time'>Jan 29, 2021 12:54:35 PM</span>
	<span class='label time-taken grey lighten-1 white-text'>0h 0m 6s+144ms</span>
</div>
	<div class='test-steps'>
		<table class='bordered table-results'>
			<thead>
				<tr>
					<th>Status</th>
					<th>Timestamp</th>
					<th>Details</th>
				</tr>
			</thead>
			<tbody>
				<tr class='log' status='pass'>
					<td class='status pass' title='pass' alt='pass'><i class='material-icons'>check_circle</i></td>
					<td class='timestamp'>12:54:35 PM</td>
					<td class='step-details'><span class='label white-text green'><b>TEST CASE:- SELECTLOCATIONMENU PASSED</b></span></td>
				</tr>
			</tbody>
		</table>
	</div>
					</div>
				</li>
				
				
				<li class='test displayed active  pass' status='pass' bdd='false' test-id='3'>
					<div class='test-heading'>
						<span class='test-name'>TestFunctions.SettingsLocationTest     @TestCase : addLocation</span>
						<span class='test-time'>Jan 29, 2021 12:54:35 PM</span>
						<span class='test-status right pass'>pass</span>
					</div>
					<div class='test-content hide'>
<div class='test-time-info'>
	<span class='label start-time'>Jan 29, 2021 12:54:35 PM</span>
	<span class='label end-time'>Jan 29, 2021 12:54:46 PM</span>
	<span class='label time-taken grey lighten-1 white-text'>0h 0m 10s+674ms</span>
</div>
	<div class='test-steps'>
		<table class='bordered table-results'>
			<thead>
				<tr>
					<th>Status</th>
					<th>Timestamp</th>
					<th>Details</th>
				</tr>
			</thead>
			<tbody>
				<tr class='log' status='pass'>
					<td class='status pass' title='pass' alt='pass'><i class='material-icons'>check_circle</i></td>
					<td class='timestamp'>12:54:46 PM</td>
					<td class='step-details'><span class='label white-text green'><b>TEST CASE:- ADDLOCATION PASSED</b></span></td>
				</tr>
			</tbody>
		</table>
	</div>
					</div>
				</li>
				
				
				<li class='test displayed active  pass' status='pass' bdd='false' test-id='4'>
					<div class='test-heading'>
						<span class='test-name'>TestFunctions.SettingsLocationTest     @TestCase : disableQuestions</span>
						<span class='test-time'>Jan 29, 2021 12:54:46 PM</span>
						<span class='test-status right pass'>pass</span>
					</div>
					<div class='test-content hide'>
<div class='test-time-info'>
	<span class='label start-time'>Jan 29, 2021 12:54:46 PM</span>
	<span class='label end-time'>Jan 29, 2021 12:54:48 PM</span>
	<span class='label time-taken grey lighten-1 white-text'>0h 0m 2s+879ms</span>
</div>
	<div class='test-steps'>
		<table class='bordered table-results'>
			<thead>
				<tr>
					<th>Status</th>
					<th>Timestamp</th>
					<th>Details</th>
				</tr>
			</thead>
			<tbody>
				<tr class='log' status='pass'>
					<td class='status pass' title='pass' alt='pass'><i class='material-icons'>check_circle</i></td>
					<td class='timestamp'>12:54:48 PM</td>
					<td class='step-details'><span class='label white-text green'><b>TEST CASE:- DISABLEQUESTIONS PASSED</b></span></td>
				</tr>
			</tbody>
		</table>
	</div>
					</div>
				</li>
				
				
				<li class='test displayed active  pass' status='pass' bdd='false' test-id='5'>
					<div class='test-heading'>
						<span class='test-name'>TestFunctions.SettingsLocationTest     @TestCase : editLocation</span>
						<span class='test-time'>Jan 29, 2021 12:54:48 PM</span>
						<span class='test-status right pass'>pass</span>
					</div>
					<div class='test-content hide'>
<div class='test-time-info'>
	<span class='label start-time'>Jan 29, 2021 12:54:48 PM</span>
	<span class='label end-time'>Jan 29, 2021 12:54:59 PM</span>
	<span class='label time-taken grey lighten-1 white-text'>0h 0m 10s+95ms</span>
</div>
	<div class='test-steps'>
		<table class='bordered table-results'>
			<thead>
				<tr>
					<th>Status</th>
					<th>Timestamp</th>
					<th>Details</th>
				</tr>
			</thead>
			<tbody>
				<tr class='log' status='pass'>
					<td class='status pass' title='pass' alt='pass'><i class='material-icons'>check_circle</i></td>
					<td class='timestamp'>12:54:59 PM</td>
					<td class='step-details'><span class='label white-text green'><b>TEST CASE:- EDITLOCATION PASSED</b></span></td>
				</tr>
			</tbody>
		</table>
	</div>
					</div>
				</li>
				
				
				<li class='test displayed active  pass' status='pass' bdd='false' test-id='6'>
					<div class='test-heading'>
						<span class='test-name'>TestFunctions.SettingsLocationTest     @TestCase : deleteLocation</span>
						<span class='test-time'>Jan 29, 2021 12:54:59 PM</span>
						<span class='test-status right pass'>pass</span>
					</div>
					<div class='test-content hide'>
<div class='test-time-info'>
	<span class='label start-time'>Jan 29, 2021 12:54:59 PM</span>
	<span class='label end-time'>Jan 29, 2021 12:55:02 PM</span>
	<span class='label time-taken grey lighten-1 white-text'>0h 0m 3s+772ms</span>
</div>
	<div class='test-steps'>
		<table class='bordered table-results'>
			<thead>
				<tr>
					<th>Status</th>
					<th>Timestamp</th>
					<th>Details</th>
				</tr>
			</thead>
			<tbody>
				<tr class='log' status='pass'>
					<td class='status pass' title='pass' alt='pass'><i class='material-icons'>check_circle</i></td>
					<td class='timestamp'>12:55:02 PM</td>
					<td class='step-details'><span class='label white-text green'><b>TEST CASE:- DELETELOCATION PASSED</b></span></td>
				</tr>
			</tbody>
		</table>
	</div>
					</div>
				</li>
				
				
				<li class='test displayed active  pass' status='pass' bdd='false' test-id='7'>
					<div class='test-heading'>
						<span class='test-name'>TestFunctions.SettingsAreaTest     @TestCase : selectAreaMenu</span>
						<span class='test-time'>Jan 29, 2021 12:55:02 PM</span>
						<span class='test-status right pass'>pass</span>
					</div>
					<div class='test-content hide'>
<div class='test-time-info'>
	<span class='label start-time'>Jan 29, 2021 12:55:02 PM</span>
	<span class='label end-time'>Jan 29, 2021 12:55:06 PM</span>
	<span class='label time-taken grey lighten-1 white-text'>0h 0m 3s+288ms</span>
</div>
	<div class='test-steps'>
		<table class='bordered table-results'>
			<thead>
				<tr>
					<th>Status</th>
					<th>Timestamp</th>
					<th>Details</th>
				</tr>
			</thead>
			<tbody>
				<tr class='log' status='pass'>
					<td class='status pass' title='pass' alt='pass'><i class='material-icons'>check_circle</i></td>
					<td class='timestamp'>12:55:06 PM</td>
					<td class='step-details'><span class='label white-text green'><b>TEST CASE:- SELECTAREAMENU PASSED</b></span></td>
				</tr>
			</tbody>
		</table>
	</div>
					</div>
				</li>
				
				
				<li class='test displayed active  pass' status='pass' bdd='false' test-id='8'>
					<div class='test-heading'>
						<span class='test-name'>TestFunctions.SettingsAreaTest     @TestCase : addArea</span>
						<span class='test-time'>Jan 29, 2021 12:55:06 PM</span>
						<span class='test-status right pass'>pass</span>
					</div>
					<div class='test-content hide'>
<div class='test-time-info'>
	<span class='label start-time'>Jan 29, 2021 12:55:06 PM</span>
	<span class='label end-time'>Jan 29, 2021 12:55:13 PM</span>
	<span class='label time-taken grey lighten-1 white-text'>0h 0m 6s+964ms</span>
</div>
	<div class='test-steps'>
		<table class='bordered table-results'>
			<thead>
				<tr>
					<th>Status</th>
					<th>Timestamp</th>
					<th>Details</th>
				</tr>
			</thead>
			<tbody>
				<tr class='log' status='pass'>
					<td class='status pass' title='pass' alt='pass'><i class='material-icons'>check_circle</i></td>
					<td class='timestamp'>12:55:13 PM</td>
					<td class='step-details'><span class='label white-text green'><b>TEST CASE:- ADDAREA PASSED</b></span></td>
				</tr>
			</tbody>
		</table>
	</div>
					</div>
				</li>
				
				
				<li class='test displayed active  pass' status='pass' bdd='false' test-id='9'>
					<div class='test-heading'>
						<span class='test-name'>TestFunctions.SettingsAreaTest     @TestCase : disableArea</span>
						<span class='test-time'>Jan 29, 2021 12:55:13 PM</span>
						<span class='test-status right pass'>pass</span>
					</div>
					<div class='test-content hide'>
<div class='test-time-info'>
	<span class='label start-time'>Jan 29, 2021 12:55:13 PM</span>
	<span class='label end-time'>Jan 29, 2021 12:55:13 PM</span>
	<span class='label time-taken grey lighten-1 white-text'>0h 0m 0s+750ms</span>
</div>
	<div class='test-steps'>
		<table class='bordered table-results'>
			<thead>
				<tr>
					<th>Status</th>
					<th>Timestamp</th>
					<th>Details</th>
				</tr>
			</thead>
			<tbody>
				<tr class='log' status='pass'>
					<td class='status pass' title='pass' alt='pass'><i class='material-icons'>check_circle</i></td>
					<td class='timestamp'>12:55:13 PM</td>
					<td class='step-details'><span class='label white-text green'><b>TEST CASE:- DISABLEAREA PASSED</b></span></td>
				</tr>
			</tbody>
		</table>
	</div>
					</div>
				</li>
				
				
				<li class='test displayed active  pass' status='pass' bdd='false' test-id='10'>
					<div class='test-heading'>
						<span class='test-name'>TestFunctions.SettingsAreaTest     @TestCase : editArea</span>
						<span class='test-time'>Jan 29, 2021 12:55:13 PM</span>
						<span class='test-status right pass'>pass</span>
					</div>
					<div class='test-content hide'>
<div class='test-time-info'>
	<span class='label start-time'>Jan 29, 2021 12:55:13 PM</span>
	<span class='label end-time'>Jan 29, 2021 12:55:23 PM</span>
	<span class='label time-taken grey lighten-1 white-text'>0h 0m 9s+743ms</span>
</div>
	<div class='test-steps'>
		<table class='bordered table-results'>
			<thead>
				<tr>
					<th>Status</th>
					<th>Timestamp</th>
					<th>Details</th>
				</tr>
			</thead>
			<tbody>
				<tr class='log' status='pass'>
					<td class='status pass' title='pass' alt='pass'><i class='material-icons'>check_circle</i></td>
					<td class='timestamp'>12:55:23 PM</td>
					<td class='step-details'><span class='label white-text green'><b>TEST CASE:- EDITAREA PASSED</b></span></td>
				</tr>
			</tbody>
		</table>
	</div>
					</div>
				</li>
				
				
				<li class='test displayed active  pass' status='pass' bdd='false' test-id='11'>
					<div class='test-heading'>
						<span class='test-name'>TestFunctions.SettingsAreaTest     @TestCase : deleteArea</span>
						<span class='test-time'>Jan 29, 2021 12:55:23 PM</span>
						<span class='test-status right pass'>pass</span>
					</div>
					<div class='test-content hide'>
<div class='test-time-info'>
	<span class='label start-time'>Jan 29, 2021 12:55:23 PM</span>
	<span class='label end-time'>Jan 29, 2021 12:55:30 PM</span>
	<span class='label time-taken grey lighten-1 white-text'>0h 0m 6s+773ms</span>
</div>
	<div class='test-steps'>
		<table class='bordered table-results'>
			<thead>
				<tr>
					<th>Status</th>
					<th>Timestamp</th>
					<th>Details</th>
				</tr>
			</thead>
			<tbody>
				<tr class='log' status='pass'>
					<td class='status pass' title='pass' alt='pass'><i class='material-icons'>check_circle</i></td>
					<td class='timestamp'>12:55:30 PM</td>
					<td class='step-details'><span class='label white-text green'><b>TEST CASE:- DELETEAREA PASSED</b></span></td>
				</tr>
			</tbody>
		</table>
	</div>
					</div>
				</li>
				
				
				<li class='test displayed active  pass' status='pass' bdd='false' test-id='12'>
					<div class='test-heading'>
						<span class='test-name'>TestFunctions.SettingsCellTest     @TestCase : selectCellMenu</span>
						<span class='test-time'>Jan 29, 2021 12:55:30 PM</span>
						<span class='test-status right pass'>pass</span>
					</div>
					<div class='test-content hide'>
<div class='test-time-info'>
	<span class='label start-time'>Jan 29, 2021 12:55:30 PM</span>
	<span class='label end-time'>Jan 29, 2021 12:55:36 PM</span>
	<span class='label time-taken grey lighten-1 white-text'>0h 0m 6s+173ms</span>
</div>
	<div class='test-steps'>
		<table class='bordered table-results'>
			<thead>
				<tr>
					<th>Status</th>
					<th>Timestamp</th>
					<th>Details</th>
				</tr>
			</thead>
			<tbody>
				<tr class='log' status='pass'>
					<td class='status pass' title='pass' alt='pass'><i class='material-icons'>check_circle</i></td>
					<td class='timestamp'>12:55:36 PM</td>
					<td class='step-details'><span class='label white-text green'><b>TEST CASE:- SELECTCELLMENU PASSED</b></span></td>
				</tr>
			</tbody>
		</table>
	</div>
					</div>
				</li>
				
				
				<li class='test displayed active  pass' status='pass' bdd='false' test-id='13'>
					<div class='test-heading'>
						<span class='test-name'>TestFunctions.SettingsCellTest     @TestCase : addCell</span>
						<span class='test-time'>Jan 29, 2021 12:55:36 PM</span>
						<span class='test-status right pass'>pass</span>
					</div>
					<div class='test-content hide'>
<div class='test-time-info'>
	<span class='label start-time'>Jan 29, 2021 12:55:36 PM</span>
	<span class='label end-time'>Jan 29, 2021 12:55:46 PM</span>
	<span class='label time-taken grey lighten-1 white-text'>0h 0m 10s+29ms</span>
</div>
	<div class='test-steps'>
		<table class='bordered table-results'>
			<thead>
				<tr>
					<th>Status</th>
					<th>Timestamp</th>
					<th>Details</th>
				</tr>
			</thead>
			<tbody>
				<tr class='log' status='pass'>
					<td class='status pass' title='pass' alt='pass'><i class='material-icons'>check_circle</i></td>
					<td class='timestamp'>12:55:46 PM</td>
					<td class='step-details'><span class='label white-text green'><b>TEST CASE:- ADDCELL PASSED</b></span></td>
				</tr>
			</tbody>
		</table>
	</div>
					</div>
				</li>
				
				
				<li class='test displayed active  pass' status='pass' bdd='false' test-id='14'>
					<div class='test-heading'>
						<span class='test-name'>TestFunctions.SettingsCellTest     @TestCase : disableQuestions</span>
						<span class='test-time'>Jan 29, 2021 12:55:46 PM</span>
						<span class='test-status right pass'>pass</span>
					</div>
					<div class='test-content hide'>
<div class='test-time-info'>
	<span class='label start-time'>Jan 29, 2021 12:55:46 PM</span>
	<span class='label end-time'>Jan 29, 2021 12:55:50 PM</span>
	<span class='label time-taken grey lighten-1 white-text'>0h 0m 3s+671ms</span>
</div>
	<div class='test-steps'>
		<table class='bordered table-results'>
			<thead>
				<tr>
					<th>Status</th>
					<th>Timestamp</th>
					<th>Details</th>
				</tr>
			</thead>
			<tbody>
				<tr class='log' status='pass'>
					<td class='status pass' title='pass' alt='pass'><i class='material-icons'>check_circle</i></td>
					<td class='timestamp'>12:55:50 PM</td>
					<td class='step-details'><span class='label white-text green'><b>TEST CASE:- DISABLEQUESTIONS PASSED</b></span></td>
				</tr>
			</tbody>
		</table>
	</div>
					</div>
				</li>
				
				
				<li class='test displayed active  pass' status='pass' bdd='false' test-id='15'>
					<div class='test-heading'>
						<span class='test-name'>TestFunctions.SettingsCellTest     @TestCase : editCell</span>
						<span class='test-time'>Jan 29, 2021 12:55:50 PM</span>
						<span class='test-status right pass'>pass</span>
					</div>
					<div class='test-content hide'>
<div class='test-time-info'>
	<span class='label start-time'>Jan 29, 2021 12:55:50 PM</span>
	<span class='label end-time'>Jan 29, 2021 12:55:59 PM</span>
	<span class='label time-taken grey lighten-1 white-text'>0h 0m 9s+740ms</span>
</div>
	<div class='test-steps'>
		<table class='bordered table-results'>
			<thead>
				<tr>
					<th>Status</th>
					<th>Timestamp</th>
					<th>Details</th>
				</tr>
			</thead>
			<tbody>
				<tr class='log' status='pass'>
					<td class='status pass' title='pass' alt='pass'><i class='material-icons'>check_circle</i></td>
					<td class='timestamp'>12:55:59 PM</td>
					<td class='step-details'><span class='label white-text green'><b>TEST CASE:- EDITCELL PASSED</b></span></td>
				</tr>
			</tbody>
		</table>
	</div>
					</div>
				</li>
				
				
				<li class='test displayed active  pass' status='pass' bdd='false' test-id='16'>
					<div class='test-heading'>
						<span class='test-name'>TestFunctions.SettingsCellTest     @TestCase : deleteCell</span>
						<span class='test-time'>Jan 29, 2021 12:55:59 PM</span>
						<span class='test-status right pass'>pass</span>
					</div>
					<div class='test-content hide'>
<div class='test-time-info'>
	<span class='label start-time'>Jan 29, 2021 12:55:59 PM</span>
	<span class='label end-time'>Jan 29, 2021 12:56:06 PM</span>
	<span class='label time-taken grey lighten-1 white-text'>0h 0m 6s+722ms</span>
</div>
	<div class='test-steps'>
		<table class='bordered table-results'>
			<thead>
				<tr>
					<th>Status</th>
					<th>Timestamp</th>
					<th>Details</th>
				</tr>
			</thead>
			<tbody>
				<tr class='log' status='pass'>
					<td class='status pass' title='pass' alt='pass'><i class='material-icons'>check_circle</i></td>
					<td class='timestamp'>12:56:06 PM</td>
					<td class='step-details'><span class='label white-text green'><b>TEST CASE:- DELETECELL PASSED</b></span></td>
				</tr>
			</tbody>
		</table>
	</div>
					</div>
				</li>
				
				
				<li class='test displayed active  pass' status='pass' bdd='false' test-id='17'>
					<div class='test-heading'>
						<span class='test-name'>TestFunctions.SettingsQuestionsTest     @TestCase : selectQuestionsMenu</span>
						<span class='test-time'>Jan 29, 2021 12:56:06 PM</span>
						<span class='test-status right pass'>pass</span>
					</div>
					<div class='test-content hide'>
<div class='test-time-info'>
	<span class='label start-time'>Jan 29, 2021 12:56:06 PM</span>
	<span class='label end-time'>Jan 29, 2021 12:56:12 PM</span>
	<span class='label time-taken grey lighten-1 white-text'>0h 0m 6s+180ms</span>
</div>
	<div class='test-steps'>
		<table class='bordered table-results'>
			<thead>
				<tr>
					<th>Status</th>
					<th>Timestamp</th>
					<th>Details</th>
				</tr>
			</thead>
			<tbody>
				<tr class='log' status='pass'>
					<td class='status pass' title='pass' alt='pass'><i class='material-icons'>check_circle</i></td>
					<td class='timestamp'>12:56:12 PM</td>
					<td class='step-details'><span class='label white-text green'><b>TEST CASE:- SELECTQUESTIONSMENU PASSED</b></span></td>
				</tr>
			</tbody>
		</table>
	</div>
					</div>
				</li>
				
				
				<li class='test displayed active  pass' status='pass' bdd='false' test-id='18'>
					<div class='test-heading'>
						<span class='test-name'>TestFunctions.SettingsQuestionsTest     @TestCase : addQuestions</span>
						<span class='test-time'>Jan 29, 2021 12:56:12 PM</span>
						<span class='test-status right pass'>pass</span>
					</div>
					<div class='test-content hide'>
<div class='test-time-info'>
	<span class='label start-time'>Jan 29, 2021 12:56:12 PM</span>
	<span class='label end-time'>Jan 29, 2021 12:56:19 PM</span>
	<span class='label time-taken grey lighten-1 white-text'>0h 0m 7s+160ms</span>
</div>
	<div class='test-steps'>
		<table class='bordered table-results'>
			<thead>
				<tr>
					<th>Status</th>
					<th>Timestamp</th>
					<th>Details</th>
				</tr>
			</thead>
			<tbody>
				<tr class='log' status='pass'>
					<td class='status pass' title='pass' alt='pass'><i class='material-icons'>check_circle</i></td>
					<td class='timestamp'>12:56:19 PM</td>
					<td class='step-details'><span class='label white-text green'><b>TEST CASE:- ADDQUESTIONS PASSED</b></span></td>
				</tr>
			</tbody>
		</table>
	</div>
					</div>
				</li>
				
				
				<li class='test displayed active  pass' status='pass' bdd='false' test-id='19'>
					<div class='test-heading'>
						<span class='test-name'>TestFunctions.SettingsQuestionsTest     @TestCase : disableQuestions</span>
						<span class='test-time'>Jan 29, 2021 12:56:19 PM</span>
						<span class='test-status right pass'>pass</span>
					</div>
					<div class='test-content hide'>
<div class='test-time-info'>
	<span class='label start-time'>Jan 29, 2021 12:56:19 PM</span>
	<span class='label end-time'>Jan 29, 2021 12:56:23 PM</span>
	<span class='label time-taken grey lighten-1 white-text'>0h 0m 3s+554ms</span>
</div>
	<div class='test-steps'>
		<table class='bordered table-results'>
			<thead>
				<tr>
					<th>Status</th>
					<th>Timestamp</th>
					<th>Details</th>
				</tr>
			</thead>
			<tbody>
				<tr class='log' status='pass'>
					<td class='status pass' title='pass' alt='pass'><i class='material-icons'>check_circle</i></td>
					<td class='timestamp'>12:56:23 PM</td>
					<td class='step-details'><span class='label white-text green'><b>TEST CASE:- DISABLEQUESTIONS PASSED</b></span></td>
				</tr>
			</tbody>
		</table>
	</div>
					</div>
				</li>
				
				
				<li class='test displayed active  fail' status='fail' bdd='false' test-id='20'>
					<div class='test-heading'>
						<span class='test-name'>TestFunctions.SettingsQuestionsTest     @TestCase : editQuestions</span>
						<span class='test-time'>Jan 29, 2021 12:56:23 PM</span>
						<span class='test-status right fail'>fail</span>
					</div>
					<div class='test-content hide'>
<div class='test-time-info'>
	<span class='label start-time'>Jan 29, 2021 12:56:23 PM</span>
	<span class='label end-time'>Jan 29, 2021 12:56:36 PM</span>
	<span class='label time-taken grey lighten-1 white-text'>0h 0m 12s+948ms</span>
</div>
	<div class='test-steps'>
		<table class='bordered table-results'>
			<thead>
				<tr>
					<th>Status</th>
					<th>Timestamp</th>
					<th>Details</th>
				</tr>
			</thead>
			<tbody>
				<tr class='log' status='fail'>
					<td class='status fail' title='fail' alt='fail'><i class='material-icons'>cancel</i></td>
					<td class='timestamp'>12:56:36 PM</td>
					<td class='step-details'><details><summary><b><font color=red>Exception Occured:Click to see</font></b ></summary>[org.testng.Assert.fail(Assert.java:96)<br> org.testng.Assert.fail(Assert.java:103)<br> TestFunctions.SettingsQuestionsTest.editQuestions(SettingsQuestionsTest.java:135)<br> sun.reflect.NativeMethodAccessorImpl.invoke0(Native Method)<br> sun.reflect.NativeMethodAccessorImpl.invoke(NativeMethodAccessorImpl.java:62)<br> sun.reflect.DelegatingMethodAccessorImpl.invoke(DelegatingMethodAccessorImpl.java:43)<br> java.lang.reflect.Method.invoke(Method.java:498)<br> org.testng.internal.MethodInvocationHelper.invokeMethod(MethodInvocationHelper.java:124)<br> org.testng.internal.Invoker.invokeMethod(Invoker.java:583)<br> org.testng.internal.Invoker.invokeTestMethod(Invoker.java:719)<br> org.testng.internal.Invoker.invokeTestMethods(Invoker.java:989)<br> org.testng.internal.TestMethodWorker.invokeTestMethods(TestMethodWorker.java:125)<br> org.testng.internal.TestMethodWorker.run(TestMethodWorker.java:109)<br> org.testng.TestRunner.privateRun(TestRunner.java:648)<br> org.testng.TestRunner.run(TestRunner.java:505)<br> org.testng.SuiteRunner.runTest(SuiteRunner.java:455)<br> org.testng.SuiteRunner.runSequentially(SuiteRunner.java:450)<br> org.testng.SuiteRunner.privateRun(SuiteRunner.java:415)<br> org.testng.SuiteRunner.run(SuiteRunner.java:364)<br> org.testng.SuiteRunnerWorker.runSuite(SuiteRunnerWorker.java:52)<br> org.testng.SuiteRunnerWorker.run(SuiteRunnerWorker.java:84)<br> org.testng.TestNG.runSuitesSequentially(TestNG.java:1208)<br> org.testng.TestNG.runSuitesLocally(TestNG.java:1137)<br> org.testng.TestNG.runSuites(TestNG.java:1049)<br> org.testng.TestNG.run(TestNG.java:1017)<br> org.testng.remote.AbstractRemoteTestNG.run(AbstractRemoteTestNG.java:115)<br> org.testng.remote.RemoteTestNG.initAndRun(RemoteTestNG.java:251)<br> org.testng.remote.RemoteTestNG.main(RemoteTestNG.java:77)]</details></td>
				</tr>
				<tr class='log' status='fail'>
					<td class='status fail' title='fail' alt='fail'><i class='material-icons'>cancel</i></td>
					<td class='timestamp'>12:56:36 PM</td>
					<td class='step-details'><span class='label white-text red'>TEST CASE FAILED</span></td>
				</tr>
			</tbody>
		</table>
	</div>
					</div>
				</li>
				
				
				<li class='test displayed active  pass' status='pass' bdd='false' test-id='21'>
					<div class='test-heading'>
						<span class='test-name'>TestFunctions.SettingsQuestionsTest     @TestCase : deleteQuestions</span>
						<span class='test-time'>Jan 29, 2021 12:56:36 PM</span>
						<span class='test-status right pass'>pass</span>
					</div>
					<div class='test-content hide'>
<div class='test-time-info'>
	<span class='label start-time'>Jan 29, 2021 12:56:36 PM</span>
	<span class='label end-time'>Jan 29, 2021 12:56:43 PM</span>
	<span class='label time-taken grey lighten-1 white-text'>0h 0m 6s+866ms</span>
</div>
	<div class='test-steps'>
		<table class='bordered table-results'>
			<thead>
				<tr>
					<th>Status</th>
					<th>Timestamp</th>
					<th>Details</th>
				</tr>
			</thead>
			<tbody>
				<tr class='log' status='pass'>
					<td class='status pass' title='pass' alt='pass'><i class='material-icons'>check_circle</i></td>
					<td class='timestamp'>12:56:43 PM</td>
					<td class='step-details'><span class='label white-text green'><b>TEST CASE:- DELETEQUESTIONS PASSED</b></span></td>
				</tr>
			</tbody>
		</table>
	</div>
					</div>
				</li>
				
				
				<li class='test displayed active  pass' status='pass' bdd='false' test-id='22'>
					<div class='test-heading'>
						<span class='test-name'>TestFunctions.SettingsWDGLTest     @TestCase : selectWDGLMenu</span>
						<span class='test-time'>Jan 29, 2021 12:56:43 PM</span>
						<span class='test-status right pass'>pass</span>
					</div>
					<div class='test-content hide'>
<div class='test-time-info'>
	<span class='label start-time'>Jan 29, 2021 12:56:43 PM</span>
	<span class='label end-time'>Jan 29, 2021 12:56:49 PM</span>
	<span class='label time-taken grey lighten-1 white-text'>0h 0m 6s+151ms</span>
</div>
	<div class='test-steps'>
		<table class='bordered table-results'>
			<thead>
				<tr>
					<th>Status</th>
					<th>Timestamp</th>
					<th>Details</th>
				</tr>
			</thead>
			<tbody>
				<tr class='log' status='pass'>
					<td class='status pass' title='pass' alt='pass'><i class='material-icons'>check_circle</i></td>
					<td class='timestamp'>12:56:49 PM</td>
					<td class='step-details'><span class='label white-text green'><b>TEST CASE:- SELECTWDGLMENU PASSED</b></span></td>
				</tr>
			</tbody>
		</table>
	</div>
					</div>
				</li>
				
				
				<li class='test displayed active  pass' status='pass' bdd='false' test-id='23'>
					<div class='test-heading'>
						<span class='test-name'>TestFunctions.SettingsWDGLTest     @TestCase : addWDGL</span>
						<span class='test-time'>Jan 29, 2021 12:56:49 PM</span>
						<span class='test-status right pass'>pass</span>
					</div>
					<div class='test-content hide'>
<div class='test-time-info'>
	<span class='label start-time'>Jan 29, 2021 12:56:49 PM</span>
	<span class='label end-time'>Jan 29, 2021 12:56:53 PM</span>
	<span class='label time-taken grey lighten-1 white-text'>0h 0m 3s+878ms</span>
</div>
	<div class='test-steps'>
		<table class='bordered table-results'>
			<thead>
				<tr>
					<th>Status</th>
					<th>Timestamp</th>
					<th>Details</th>
				</tr>
			</thead>
			<tbody>
				<tr class='log' status='pass'>
					<td class='status pass' title='pass' alt='pass'><i class='material-icons'>check_circle</i></td>
					<td class='timestamp'>12:56:53 PM</td>
					<td class='step-details'><span class='label white-text green'><b>TEST CASE:- ADDWDGL PASSED</b></span></td>
				</tr>
			</tbody>
		</table>
	</div>
					</div>
				</li>
				
				
				<li class='test displayed active  pass' status='pass' bdd='false' test-id='24'>
					<div class='test-heading'>
						<span class='test-name'>TestFunctions.SettingsWDGLTest     @TestCase : deleteWDGL</span>
						<span class='test-time'>Jan 29, 2021 12:56:53 PM</span>
						<span class='test-status right pass'>pass</span>
					</div>
					<div class='test-content hide'>
<div class='test-time-info'>
	<span class='label start-time'>Jan 29, 2021 12:56:53 PM</span>
	<span class='label end-time'>Jan 29, 2021 12:57:00 PM</span>
	<span class='label time-taken grey lighten-1 white-text'>0h 0m 6s+722ms</span>
</div>
	<div class='test-steps'>
		<table class='bordered table-results'>
			<thead>
				<tr>
					<th>Status</th>
					<th>Timestamp</th>
					<th>Details</th>
				</tr>
			</thead>
			<tbody>
				<tr class='log' status='pass'>
					<td class='status pass' title='pass' alt='pass'><i class='material-icons'>check_circle</i></td>
					<td class='timestamp'>12:57:00 PM</td>
					<td class='step-details'><span class='label white-text green'><b>TEST CASE:- DELETEWDGL PASSED</b></span></td>
				</tr>
			</tbody>
		</table>
	</div>
					</div>
				</li>
				
				
				<li class='test displayed active  pass' status='pass' bdd='false' test-id='25'>
					<div class='test-heading'>
						<span class='test-name'>TestFunctions.SettingsAssignQstnTest     @TestCase : addQuestions</span>
						<span class='test-time'>Jan 29, 2021 12:57:00 PM</span>
						<span class='test-status right pass'>pass</span>
					</div>
					<div class='test-content hide'>
<div class='test-time-info'>
	<span class='label start-time'>Jan 29, 2021 12:57:00 PM</span>
	<span class='label end-time'>Jan 29, 2021 12:57:23 PM</span>
	<span class='label time-taken grey lighten-1 white-text'>0h 0m 23s+680ms</span>
</div>
	<div class='test-steps'>
		<table class='bordered table-results'>
			<thead>
				<tr>
					<th>Status</th>
					<th>Timestamp</th>
					<th>Details</th>
				</tr>
			</thead>
			<tbody>
				<tr class='log' status='pass'>
					<td class='status pass' title='pass' alt='pass'><i class='material-icons'>check_circle</i></td>
					<td class='timestamp'>12:57:23 PM</td>
					<td class='step-details'><span class='label white-text green'><b>TEST CASE:- ADDQUESTIONS PASSED</b></span></td>
				</tr>
			</tbody>
		</table>
	</div>
					</div>
				</li>
				
				
				<li class='test displayed active  fail' status='fail' bdd='false' test-id='26'>
					<div class='test-heading'>
						<span class='test-name'>TestFunctions.SettingsAssignQstnTest     @TestCase : selectAssignQuestion</span>
						<span class='test-time'>Jan 29, 2021 12:57:23 PM</span>
						<span class='test-status right fail'>fail</span>
					</div>
					<div class='test-content hide'>
<div class='test-time-info'>
	<span class='label start-time'>Jan 29, 2021 12:57:23 PM</span>
	<span class='label end-time'>Jan 29, 2021 12:57:47 PM</span>
	<span class='label time-taken grey lighten-1 white-text'>0h 0m 23s+219ms</span>
</div>
	<div class='test-steps'>
		<table class='bordered table-results'>
			<thead>
				<tr>
					<th>Status</th>
					<th>Timestamp</th>
					<th>Details</th>
				</tr>
			</thead>
			<tbody>
				<tr class='log' status='fail'>
					<td class='status fail' title='fail' alt='fail'><i class='material-icons'>cancel</i></td>
					<td class='timestamp'>12:57:47 PM</td>
					<td class='step-details'><details><summary><b><font color=red>Exception Occured:Click to see</font></b ></summary>[sun.reflect.NativeConstructorAccessorImpl.newInstance0(Native Method)<br> sun.reflect.NativeConstructorAccessorImpl.newInstance(NativeConstructorAccessorImpl.java:62)<br> sun.reflect.DelegatingConstructorAccessorImpl.newInstance(DelegatingConstructorAccessorImpl.java:45)<br> java.lang.reflect.Constructor.newInstance(Constructor.java:423)<br> org.openqa.selenium.remote.http.W3CHttpResponseCodec.createException(W3CHttpResponseCodec.java:187)<br> org.openqa.selenium.remote.http.W3CHttpResponseCodec.decode(W3CHttpResponseCodec.java:122)<br> org.openqa.selenium.remote.http.W3CHttpResponseCodec.decode(W3CHttpResponseCodec.java:49)<br> org.openqa.selenium.remote.HttpCommandExecutor.execute(HttpCommandExecutor.java:158)<br> org.openqa.selenium.remote.service.DriverCommandExecutor.execute(DriverCommandExecutor.java:83)<br> org.openqa.selenium.remote.RemoteWebDriver.execute(RemoteWebDriver.java:552)<br> org.openqa.selenium.remote.RemoteWebElement.execute(RemoteWebElement.java:285)<br> org.openqa.selenium.remote.RemoteWebElement.click(RemoteWebElement.java:84)<br> sun.reflect.GeneratedMethodAccessor1.invoke(Unknown Source)<br> sun.reflect.DelegatingMethodAccessorImpl.invoke(DelegatingMethodAccessorImpl.java:43)<br> java.lang.reflect.Method.invoke(Method.java:498)<br> org.openqa.selenium.support.pagefactory.internal.LocatingElementHandler.invoke(LocatingElementHandler.java:51)<br> com.sun.proxy.$Proxy9.click(Unknown Source)<br> TestFunctions.SettingsAssignQstnTest.selectAssignQuestion(SettingsAssignQstnTest.java:62)<br> sun.reflect.NativeMethodAccessorImpl.invoke0(Native Method)<br> sun.reflect.NativeMethodAccessorImpl.invoke(NativeMethodAccessorImpl.java:62)<br> sun.reflect.DelegatingMethodAccessorImpl.invoke(DelegatingMethodAccessorImpl.java:43)<br> java.lang.reflect.Method.invoke(Method.java:498)<br> org.testng.internal.MethodInvocationHelper.invokeMethod(MethodInvocationHelper.java:124)<br> org.testng.internal.Invoker.invokeMethod(Invoker.java:583)<br> org.testng.internal.Invoker.invokeTestMethod(Invoker.java:719)<br> org.testng.internal.Invoker.invokeTestMethods(Invoker.java:989)<br> org.testng.internal.TestMethodWorker.invokeTestMethods(TestMethodWorker.java:125)<br> org.testng.internal.TestMethodWorker.run(TestMethodWorker.java:109)<br> org.testng.TestRunner.privateRun(TestRunner.java:648)<br> org.testng.TestRunner.run(TestRunner.java:505)<br> org.testng.SuiteRunner.runTest(SuiteRunner.java:455)<br> org.testng.SuiteRunner.runSequentially(SuiteRunner.java:450)<br> org.testng.SuiteRunner.privateRun(SuiteRunner.java:415)<br> org.testng.SuiteRunner.run(SuiteRunner.java:364)<br> org.testng.SuiteRunnerWorker.runSuite(SuiteRunnerWorker.java:52)<br> org.testng.SuiteRunnerWorker.run(SuiteRunnerWorker.java:84)<br> org.testng.TestNG.runSuitesSequentially(TestNG.java:1208)<br> org.testng.TestNG.runSuitesLocally(TestNG.java:1137)<br> org.testng.TestNG.runSuites(TestNG.java:1049)<br> org.testng.TestNG.run(TestNG.java:1017)<br> org.testng.remote.AbstractRemoteTestNG.run(AbstractRemoteTestNG.java:115)<br> org.testng.remote.RemoteTestNG.initAndRun(RemoteTestNG.java:251)<br> org.testng.remote.RemoteTestNG.main(RemoteTestNG.java:77)]</details></td>
				</tr>
				<tr class='log' status='fail'>
					<td class='status fail' title='fail' alt='fail'><i class='material-icons'>cancel</i></td>
					<td class='timestamp'>12:57:47 PM</td>
					<td class='step-details'><span class='label white-text red'>TEST CASE FAILED</span></td>
				</tr>
			</tbody>
		</table>
	</div>
					</div>
				</li>
				
				
				<li class='test displayed active  fail' status='fail' bdd='false' test-id='27'>
					<div class='test-heading'>
						<span class='test-name'>TestFunctions.SettingsAssignQstnTest     @TestCase : addAssignQuestion</span>
						<span class='test-time'>Jan 29, 2021 12:57:47 PM</span>
						<span class='test-status right fail'>fail</span>
					</div>
					<div class='test-content hide'>
<div class='test-time-info'>
	<span class='label start-time'>Jan 29, 2021 12:57:47 PM</span>
	<span class='label end-time'>Jan 29, 2021 12:58:07 PM</span>
	<span class='label time-taken grey lighten-1 white-text'>0h 0m 20s+34ms</span>
</div>
	<div class='test-steps'>
		<table class='bordered table-results'>
			<thead>
				<tr>
					<th>Status</th>
					<th>Timestamp</th>
					<th>Details</th>
				</tr>
			</thead>
			<tbody>
				<tr class='log' status='fail'>
					<td class='status fail' title='fail' alt='fail'><i class='material-icons'>cancel</i></td>
					<td class='timestamp'>12:58:07 PM</td>
					<td class='step-details'><details><summary><b><font color=red>Exception Occured:Click to see</font></b ></summary>[sun.reflect.NativeConstructorAccessorImpl.newInstance0(Native Method)<br> sun.reflect.NativeConstructorAccessorImpl.newInstance(NativeConstructorAccessorImpl.java:62)<br> sun.reflect.DelegatingConstructorAccessorImpl.newInstance(DelegatingConstructorAccessorImpl.java:45)<br> java.lang.reflect.Constructor.newInstance(Constructor.java:423)<br> org.openqa.selenium.remote.http.W3CHttpResponseCodec.createException(W3CHttpResponseCodec.java:187)<br> org.openqa.selenium.remote.http.W3CHttpResponseCodec.decode(W3CHttpResponseCodec.java:122)<br> org.openqa.selenium.remote.http.W3CHttpResponseCodec.decode(W3CHttpResponseCodec.java:49)<br> org.openqa.selenium.remote.HttpCommandExecutor.execute(HttpCommandExecutor.java:158)<br> org.openqa.selenium.remote.service.DriverCommandExecutor.execute(DriverCommandExecutor.java:83)<br> org.openqa.selenium.remote.RemoteWebDriver.execute(RemoteWebDriver.java:552)<br> org.openqa.selenium.remote.RemoteWebDriver.findElement(RemoteWebDriver.java:323)<br> org.openqa.selenium.remote.RemoteWebDriver.findElementByXPath(RemoteWebDriver.java:428)<br> org.openqa.selenium.By$ByXPath.findElement(By.java:353)<br> org.openqa.selenium.remote.RemoteWebDriver.findElement(RemoteWebDriver.java:315)<br> org.openqa.selenium.support.pagefactory.DefaultElementLocator.findElement(DefaultElementLocator.java:69)<br> org.openqa.selenium.support.pagefactory.internal.LocatingElementHandler.invoke(LocatingElementHandler.java:38)<br> com.sun.proxy.$Proxy9.click(Unknown Source)<br> TestFunctions.SettingsAssignQstnTest.addAssignQuestion(SettingsAssignQstnTest.java:70)<br> sun.reflect.NativeMethodAccessorImpl.invoke0(Native Method)<br> sun.reflect.NativeMethodAccessorImpl.invoke(NativeMethodAccessorImpl.java:62)<br> sun.reflect.DelegatingMethodAccessorImpl.invoke(DelegatingMethodAccessorImpl.java:43)<br> java.lang.reflect.Method.invoke(Method.java:498)<br> org.testng.internal.MethodInvocationHelper.invokeMethod(MethodInvocationHelper.java:124)<br> org.testng.internal.Invoker.invokeMethod(Invoker.java:583)<br> org.testng.internal.Invoker.invokeTestMethod(Invoker.java:719)<br> org.testng.internal.Invoker.invokeTestMethods(Invoker.java:989)<br> org.testng.internal.TestMethodWorker.invokeTestMethods(TestMethodWorker.java:125)<br> org.testng.internal.TestMethodWorker.run(TestMethodWorker.java:109)<br> org.testng.TestRunner.privateRun(TestRunner.java:648)<br> org.testng.TestRunner.run(TestRunner.java:505)<br> org.testng.SuiteRunner.runTest(SuiteRunner.java:455)<br> org.testng.SuiteRunner.runSequentially(SuiteRunner.java:450)<br> org.testng.SuiteRunner.privateRun(SuiteRunner.java:415)<br> org.testng.SuiteRunner.run(SuiteRunner.java:364)<br> org.testng.SuiteRunnerWorker.runSuite(SuiteRunnerWorker.java:52)<br> org.testng.SuiteRunnerWorker.run(SuiteRunnerWorker.java:84)<br> org.testng.TestNG.runSuitesSequentially(TestNG.java:1208)<br> org.testng.TestNG.runSuitesLocally(TestNG.java:1137)<br> org.testng.TestNG.runSuites(TestNG.java:1049)<br> org.testng.TestNG.run(TestNG.java:1017)<br> org.testng.remote.AbstractRemoteTestNG.run(AbstractRemoteTestNG.java:115)<br> org.testng.remote.RemoteTestNG.initAndRun(RemoteTestNG.java:251)<br> org.testng.remote.RemoteTestNG.main(RemoteTestNG.java:77)]</details></td>
				</tr>
				<tr class='log' status='fail'>
					<td class='status fail' title='fail' alt='fail'><i class='material-icons'>cancel</i></td>
					<td class='timestamp'>12:58:07 PM</td>
					<td class='step-details'><span class='label white-text red'>TEST CASE FAILED</span></td>
				</tr>
			</tbody>
		</table>
	</div>
					</div>
				</li>
				
				
				<li class='test displayed active  fail' status='fail' bdd='false' test-id='28'>
					<div class='test-heading'>
						<span class='test-name'>TestFunctions.SettingsAssignQstnTest     @TestCase : disableAssignQuestion</span>
						<span class='test-time'>Jan 29, 2021 12:58:07 PM</span>
						<span class='test-status right fail'>fail</span>
					</div>
					<div class='test-content hide'>
<div class='test-time-info'>
	<span class='label start-time'>Jan 29, 2021 12:58:07 PM</span>
	<span class='label end-time'>Jan 29, 2021 12:58:07 PM</span>
	<span class='label time-taken grey lighten-1 white-text'>0h 0m 0s+1ms</span>
</div>
	<div class='test-steps'>
		<table class='bordered table-results'>
			<thead>
				<tr>
					<th>Status</th>
					<th>Timestamp</th>
					<th>Details</th>
				</tr>
			</thead>
			<tbody>
				<tr class='log' status='fail'>
					<td class='status fail' title='fail' alt='fail'><i class='material-icons'>cancel</i></td>
					<td class='timestamp'>12:58:07 PM</td>
					<td class='step-details'><details><summary><b><font color=red>Exception Occured:Click to see</font></b ></summary>[TestFunctions.SettingsAssignQstnTest.disableAssignQuestion(SettingsAssignQstnTest.java:121)<br> sun.reflect.NativeMethodAccessorImpl.invoke0(Native Method)<br> sun.reflect.NativeMethodAccessorImpl.invoke(NativeMethodAccessorImpl.java:62)<br> sun.reflect.DelegatingMethodAccessorImpl.invoke(DelegatingMethodAccessorImpl.java:43)<br> java.lang.reflect.Method.invoke(Method.java:498)<br> org.testng.internal.MethodInvocationHelper.invokeMethod(MethodInvocationHelper.java:124)<br> org.testng.internal.Invoker.invokeMethod(Invoker.java:583)<br> org.testng.internal.Invoker.invokeTestMethod(Invoker.java:719)<br> org.testng.internal.Invoker.invokeTestMethods(Invoker.java:989)<br> org.testng.internal.TestMethodWorker.invokeTestMethods(TestMethodWorker.java:125)<br> org.testng.internal.TestMethodWorker.run(TestMethodWorker.java:109)<br> org.testng.TestRunner.privateRun(TestRunner.java:648)<br> org.testng.TestRunner.run(TestRunner.java:505)<br> org.testng.SuiteRunner.runTest(SuiteRunner.java:455)<br> org.testng.SuiteRunner.runSequentially(SuiteRunner.java:450)<br> org.testng.SuiteRunner.privateRun(SuiteRunner.java:415)<br> org.testng.SuiteRunner.run(SuiteRunner.java:364)<br> org.testng.SuiteRunnerWorker.runSuite(SuiteRunnerWorker.java:52)<br> org.testng.SuiteRunnerWorker.run(SuiteRunnerWorker.java:84)<br> org.testng.TestNG.runSuitesSequentially(TestNG.java:1208)<br> org.testng.TestNG.runSuitesLocally(TestNG.java:1137)<br> org.testng.TestNG.runSuites(TestNG.java:1049)<br> org.testng.TestNG.run(TestNG.java:1017)<br> org.testng.remote.AbstractRemoteTestNG.run(AbstractRemoteTestNG.java:115)<br> org.testng.remote.RemoteTestNG.initAndRun(RemoteTestNG.java:251)<br> org.testng.remote.RemoteTestNG.main(RemoteTestNG.java:77)]</details></td>
				</tr>
				<tr class='log' status='fail'>
					<td class='status fail' title='fail' alt='fail'><i class='material-icons'>cancel</i></td>
					<td class='timestamp'>12:58:07 PM</td>
					<td class='step-details'><span class='label white-text red'>TEST CASE FAILED</span></td>
				</tr>
			</tbody>
		</table>
	</div>
					</div>
				</li>
				
				
				<li class='test displayed active  pass' status='pass' bdd='false' test-id='29'>
					<div class='test-heading'>
						<span class='test-name'>TestFunctions.SettingsAssignQstnTest     @TestCase : editAssignQuestion</span>
						<span class='test-time'>Jan 29, 2021 12:58:07 PM</span>
						<span class='test-status right pass'>pass</span>
					</div>
					<div class='test-content hide'>
<div class='test-time-info'>
	<span class='label start-time'>Jan 29, 2021 12:58:07 PM</span>
	<span class='label end-time'>Jan 29, 2021 12:58:07 PM</span>
	<span class='label time-taken grey lighten-1 white-text'>0h 0m 0s+1ms</span>
</div>
	<div class='test-steps'>
		<table class='bordered table-results'>
			<thead>
				<tr>
					<th>Status</th>
					<th>Timestamp</th>
					<th>Details</th>
				</tr>
			</thead>
			<tbody>
				<tr class='log' status='pass'>
					<td class='status pass' title='pass' alt='pass'><i class='material-icons'>check_circle</i></td>
					<td class='timestamp'>12:58:07 PM</td>
					<td class='step-details'><span class='label white-text green'><b>TEST CASE:- EDITASSIGNQUESTION PASSED</b></span></td>
				</tr>
			</tbody>
		</table>
	</div>
					</div>
				</li>
				
				
				<li class='test displayed active  pass' status='pass' bdd='false' test-id='30'>
					<div class='test-heading'>
						<span class='test-name'>TestFunctions.SettingsAssignQstnTest     @TestCase : deleteAssignQuestion</span>
						<span class='test-time'>Jan 29, 2021 12:58:07 PM</span>
						<span class='test-status right pass'>pass</span>
					</div>
					<div class='test-content hide'>
<div class='test-time-info'>
	<span class='label start-time'>Jan 29, 2021 12:58:07 PM</span>
	<span class='label end-time'>Jan 29, 2021 12:58:07 PM</span>
	<span class='label time-taken grey lighten-1 white-text'>0h 0m 0s+1ms</span>
</div>
	<div class='test-steps'>
		<table class='bordered table-results'>
			<thead>
				<tr>
					<th>Status</th>
					<th>Timestamp</th>
					<th>Details</th>
				</tr>
			</thead>
			<tbody>
				<tr class='log' status='pass'>
					<td class='status pass' title='pass' alt='pass'><i class='material-icons'>check_circle</i></td>
					<td class='timestamp'>12:58:07 PM</td>
					<td class='step-details'><span class='label white-text green'><b>TEST CASE:- DELETEASSIGNQUESTION PASSED</b></span></td>
				</tr>
			</tbody>
		</table>
	</div>
					</div>
				</li>
				
				
				<li class='test displayed active  fail' status='fail' bdd='false' test-id='31'>
					<div class='test-heading'>
						<span class='test-name'>TestFunctions.SettingsAssignQstnTest     @TestCase : deleteQuestions</span>
						<span class='test-time'>Jan 29, 2021 12:58:07 PM</span>
						<span class='test-status right fail'>fail</span>
					</div>
					<div class='test-content hide'>
<div class='test-time-info'>
	<span class='label start-time'>Jan 29, 2021 12:58:07 PM</span>
	<span class='label end-time'>Jan 29, 2021 12:58:30 PM</span>
	<span class='label time-taken grey lighten-1 white-text'>0h 0m 23s+163ms</span>
</div>
	<div class='test-steps'>
		<table class='bordered table-results'>
			<thead>
				<tr>
					<th>Status</th>
					<th>Timestamp</th>
					<th>Details</th>
				</tr>
			</thead>
			<tbody>
				<tr class='log' status='fail'>
					<td class='status fail' title='fail' alt='fail'><i class='material-icons'>cancel</i></td>
					<td class='timestamp'>12:58:30 PM</td>
					<td class='step-details'><details><summary><b><font color=red>Exception Occured:Click to see</font></b ></summary>[sun.reflect.NativeConstructorAccessorImpl.newInstance0(Native Method)<br> sun.reflect.NativeConstructorAccessorImpl.newInstance(NativeConstructorAccessorImpl.java:62)<br> sun.reflect.DelegatingConstructorAccessorImpl.newInstance(DelegatingConstructorAccessorImpl.java:45)<br> java.lang.reflect.Constructor.newInstance(Constructor.java:423)<br> org.openqa.selenium.remote.http.W3CHttpResponseCodec.createException(W3CHttpResponseCodec.java:187)<br> org.openqa.selenium.remote.http.W3CHttpResponseCodec.decode(W3CHttpResponseCodec.java:122)<br> org.openqa.selenium.remote.http.W3CHttpResponseCodec.decode(W3CHttpResponseCodec.java:49)<br> org.openqa.selenium.remote.HttpCommandExecutor.execute(HttpCommandExecutor.java:158)<br> org.openqa.selenium.remote.service.DriverCommandExecutor.execute(DriverCommandExecutor.java:83)<br> org.openqa.selenium.remote.RemoteWebDriver.execute(RemoteWebDriver.java:552)<br> org.openqa.selenium.remote.RemoteWebElement.execute(RemoteWebElement.java:285)<br> org.openqa.selenium.remote.RemoteWebElement.click(RemoteWebElement.java:84)<br> sun.reflect.GeneratedMethodAccessor1.invoke(Unknown Source)<br> sun.reflect.DelegatingMethodAccessorImpl.invoke(DelegatingMethodAccessorImpl.java:43)<br> java.lang.reflect.Method.invoke(Method.java:498)<br> org.openqa.selenium.support.pagefactory.internal.LocatingElementHandler.invoke(LocatingElementHandler.java:51)<br> com.sun.proxy.$Proxy9.click(Unknown Source)<br> TestFunctions.SettingsAssignQstnTest.deleteQuestions(SettingsAssignQstnTest.java:160)<br> sun.reflect.NativeMethodAccessorImpl.invoke0(Native Method)<br> sun.reflect.NativeMethodAccessorImpl.invoke(NativeMethodAccessorImpl.java:62)<br> sun.reflect.DelegatingMethodAccessorImpl.invoke(DelegatingMethodAccessorImpl.java:43)<br> java.lang.reflect.Method.invoke(Method.java:498)<br> org.testng.internal.MethodInvocationHelper.invokeMethod(MethodInvocationHelper.java:124)<br> org.testng.internal.Invoker.invokeMethod(Invoker.java:583)<br> org.testng.internal.Invoker.invokeTestMethod(Invoker.java:719)<br> org.testng.internal.Invoker.invokeTestMethods(Invoker.java:989)<br> org.testng.internal.TestMethodWorker.invokeTestMethods(TestMethodWorker.java:125)<br> org.testng.internal.TestMethodWorker.run(TestMethodWorker.java:109)<br> org.testng.TestRunner.privateRun(TestRunner.java:648)<br> org.testng.TestRunner.run(TestRunner.java:505)<br> org.testng.SuiteRunner.runTest(SuiteRunner.java:455)<br> org.testng.SuiteRunner.runSequentially(SuiteRunner.java:450)<br> org.testng.SuiteRunner.privateRun(SuiteRunner.java:415)<br> org.testng.SuiteRunner.run(SuiteRunner.java:364)<br> org.testng.SuiteRunnerWorker.runSuite(SuiteRunnerWorker.java:52)<br> org.testng.SuiteRunnerWorker.run(SuiteRunnerWorker.java:84)<br> org.testng.TestNG.runSuitesSequentially(TestNG.java:1208)<br> org.testng.TestNG.runSuitesLocally(TestNG.java:1137)<br> org.testng.TestNG.runSuites(TestNG.java:1049)<br> org.testng.TestNG.run(TestNG.java:1017)<br> org.testng.remote.AbstractRemoteTestNG.run(AbstractRemoteTestNG.java:115)<br> org.testng.remote.RemoteTestNG.initAndRun(RemoteTestNG.java:251)<br> org.testng.remote.RemoteTestNG.main(RemoteTestNG.java:77)]</details></td>
				</tr>
				<tr class='log' status='fail'>
					<td class='status fail' title='fail' alt='fail'><i class='material-icons'>cancel</i></td>
					<td class='timestamp'>12:58:30 PM</td>
					<td class='step-details'><span class='label white-text red'>TEST CASE FAILED</span></td>
				</tr>
			</tbody>
		</table>
	</div>
					</div>
				</li>
			</ul>
		</div>
	</div>
	<!-- subview left -->

	<div class='subview-right left'>
		<div class='view-summary'>
			<h5 class='test-name'></h5>

			<div id='step-filters' class="right">
				<span class="blue-text" status="info" alt="info" title="info"><i class="material-icons">info_outline</i></span>
				<span class="green-text" status="pass" alt="pass" title="pass"><i class="material-icons">check_circle</i></span>
				<span class="red-text" status="fail" alt="fail" title="fail"><i class="material-icons">cancel</i></span>
				<span class="red-text text-darken-4" status="fatal" alt="fatal" title="fatal"><i class="material-icons">cancel</i></span>
				<span class="pink-text text-lighten-1" status="error" alt="error" title="error"><i class="material-icons">error</i></span>
				<span class="orange-text" alt="warning" status="warning" title="warning"><i class="material-icons">warning</i></span>
				<span class="teal-text" status="skip" alt="skip" title="skip"><i class="material-icons">redo</i></span>
				<span status="clear" alt="Clear filters" title="Clear filters"><i class="material-icons">clear</i></span>
			</div>
		</div>
	</div>
	<!-- subview right -->

</div>
<!-- test view -->
<!-- category view -->
<!-- exception view -->
<div id='dashboard-view' class='view hide'>
	<div class='card-panel transparent np-v'>
		<h5>Dashboard</h5>

		<div class='row'>
			<div class='col s2'>
				<div class='card-panel r'>
					Tests
					<div class='panel-lead'>31</div>
				</div>
			</div>
			<div class='col s2'>
				<div class='card-panel r'>
					Steps
					<div class='panel-lead'>36</div>
				</div>
			</div>
			<div class='col s2'>
				<div class='card-panel r'>
					Start
					<div class='panel-lead'>Jan 29, 2021 12:54:17 PM</div>
				</div>
			</div>
			<div class='col s2'>
				<div class='card-panel r'>
			 		End
			 		<div class='panel-lead'>Jan 29, 2021 12:58:30 PM</div>
				</div>
			</div>
			<div class='col s2'>
				<div class='card-panel r'>
					Time Taken
					<div class='panel-lead'>0h 4m 12s+388ms</div>
				</div>
			</div>
			<div class='col s4'>
				<div class='card-panel dashboard-environment'>
					<span class='right label cyan white-text'>Environment</span><p>&nbsp;</p>
					
					<table>
						<tr>
							<th>Name</th>
							<th>Value</th>
						</tr>
							<tr>
								<td>Automation Tester</td>
								<td>Aparna S Mathew</td>
							</tr>
							<tr>
								<td>Organization</td>
								<td>LTS</td>
							</tr>
							<tr>
								<td>Build no</td>
								<td>6S_001</td>
							</tr>
					</table>
				</div>
			</div>
		</div>
	</div>
</div>
<!-- dashboard view -->
<!-- testrunner-logs view -->
		</div>
		<!-- container -->

		<script>
			var statusGroup = {
				passParent: 26,
				failParent: 5,
				fatalParent: 0,
				errorParent: 0,
				warningParent: 0,
				skipParent: 0,
				exceptionsParent: 5,
				
				passChild: 26,
				failChild: 10,
				fatalChild: 0,
				errorChild: 0,
				warningChild: 0,
				skipChild: 0,
				infoChild: 0,
				exceptionsChild: 10,
				
				passGrandChild: 0,
				failGrandChild: 0,
				fatalGrandChild: 0,
				errorGrandChild: 0,
				warningGrandChild: 0,
				skipGrandChild: 0,
				infoGrandChild: 0,
				exceptionsGrandChild: 0,
			};
		</script>
		
			<script src='https://cdn.rawgit.com/anshooarora/extentreports-java/fca20fb7653aade98810546ab96a2a4360e3e712/dist/js/extent.js' type='text/javascript'></script>
		
		
 		<script type='text/javascript'>
 		</script>
	</body>
	
</html>
